Build started 11/1/2015 10:33:16 AM.
     1>Project "E:\KAMPUS\Kuliah ITS\Semester 7\Topik IGS\FP\Repo\RayTrace\RayTraceProject\RayTraceProject\RayTraceProject.vcxproj" on node 2 (Build target(s)).
     1>ClCompile:
         C:\Program Files (x86)\Microsoft Visual Studio 11.0\VC\bin\CL.exe /c /I"E:\KAMPUS\Kuliah ITS\Semester 7\Topik IGS\FP\MVS\RayTraceProject\RayTraceProject\Dependencies" /ZI /nologo /W3 /WX- /Od /Oy- /D _MBCS /Gm /EHsc /RTC1 /MDd /GS /fp:precise /Zc:wchar_t /Zc:forScope /Fo"Debug\\" /Fd"Debug\vc110.pdb" /Gd /TP /analyze- /errorReport:prompt Source.cpp
         Source.cpp
     1>e:\kampus\kuliah its\semester 7\topik igs\fp\repo\raytrace\raytraceproject\raytraceproject\transformation.h(98): warning C4244: '=' : conversion from 'double' to 'float', possible loss of data
     1>e:\kampus\kuliah its\semester 7\topik igs\fp\repo\raytrace\raytraceproject\raytraceproject\transformation.h(99): warning C4244: '=' : conversion from 'double' to 'float', possible loss of data
     1>e:\kampus\kuliah its\semester 7\topik igs\fp\repo\raytrace\raytraceproject\raytraceproject\transformation.h(103): warning C4244: '=' : conversion from 'double' to 'float', possible loss of data
     1>e:\kampus\kuliah its\semester 7\topik igs\fp\repo\raytrace\raytraceproject\raytraceproject\transformation.h(105): warning C4244: '=' : conversion from 'double' to 'float', possible loss of data
     1>e:\kampus\kuliah its\semester 7\topik igs\fp\repo\raytrace\raytraceproject\raytraceproject\transformation.h(109): warning C4244: '=' : conversion from 'double' to 'float', possible loss of data
     1>e:\kampus\kuliah its\semester 7\topik igs\fp\repo\raytrace\raytraceproject\raytraceproject\transformation.h(110): warning C4244: '=' : conversion from 'double' to 'float', possible loss of data
     1>e:\kampus\kuliah its\semester 7\topik igs\fp\repo\raytrace\raytraceproject\raytraceproject\source.cpp(140): warning C4244: 'return' : conversion from 'double' to 'float', possible loss of data
     1>e:\kampus\kuliah its\semester 7\topik igs\fp\repo\raytrace\raytraceproject\raytraceproject\source.cpp(158): warning C4101: 'n' : unreferenced local variable
     1>e:\kampus\kuliah its\semester 7\topik igs\fp\repo\raytrace\raytraceproject\raytraceproject\source.cpp(184): warning C4244: 'argument' : conversion from 'float' to 'int', possible loss of data
     1>e:\kampus\kuliah its\semester 7\topik igs\fp\repo\raytrace\raytraceproject\raytraceproject\source.cpp(185): warning C4244: 'argument' : conversion from 'float' to 'int', possible loss of data
     1>e:\kampus\kuliah its\semester 7\topik igs\fp\repo\raytrace\raytraceproject\raytraceproject\source.cpp(195): warning C4244: 'argument' : conversion from 'float' to 'int', possible loss of data
     1>e:\kampus\kuliah its\semester 7\topik igs\fp\repo\raytrace\raytraceproject\raytraceproject\source.cpp(209): warning C4244: 'argument' : conversion from 'float' to 'unsigned int', possible loss of data
     1>e:\kampus\kuliah its\semester 7\topik igs\fp\repo\raytrace\raytraceproject\raytraceproject\source.cpp(216): warning C4244: 'argument' : conversion from 'float' to 'unsigned int', possible loss of data
     1>e:\kampus\kuliah its\semester 7\topik igs\fp\repo\raytrace\raytraceproject\raytraceproject\source.cpp(311): warning C4390: ';' : empty controlled statement found; is this the intent?
       Link:
         C:\Program Files (x86)\Microsoft Visual Studio 11.0\VC\bin\link.exe /ERRORREPORT:PROMPT /OUT:"E:\KAMPUS\Kuliah ITS\Semester 7\Topik IGS\FP\Repo\RayTrace\RayTraceProject\Debug\RayTraceProject.exe" /INCREMENTAL /NOLOGO /LIBPATH:"E:\KAMPUS\Kuliah ITS\Semester 7\Topik IGS\FP\MVS\RayTraceProject\RayTraceProject\Dependencies" FreeImage.lib kernel32.lib user32.lib gdi32.lib winspool.lib comdlg32.lib advapi32.lib shell32.lib ole32.lib oleaut32.lib uuid.lib odbc32.lib odbccp32.lib /MANIFEST /MANIFESTUAC:"level='asInvoker' uiAccess='false'" /manifest:embed /DEBUG /PDB:"E:\KAMPUS\Kuliah ITS\Semester 7\Topik IGS\FP\Repo\RayTrace\RayTraceProject\Debug\RayTraceProject.pdb" /TLBID:1 /DYNAMICBASE /NXCOMPAT /IMPLIB:"E:\KAMPUS\Kuliah ITS\Semester 7\Topik IGS\FP\Repo\RayTrace\RayTraceProject\Debug\RayTraceProject.lib" /MACHINE:X86 Debug\Source.obj
         RayTraceProject.vcxproj -> E:\KAMPUS\Kuliah ITS\Semester 7\Topik IGS\FP\Repo\RayTrace\RayTraceProject\Debug\RayTraceProject.exe
     1>Done Building Project "E:\KAMPUS\Kuliah ITS\Semester 7\Topik IGS\FP\Repo\RayTrace\RayTraceProject\RayTraceProject\RayTraceProject.vcxproj" (Build target(s)).

Build succeeded.

Time Elapsed 00:00:03.83
